{"name": "test_products_group", "status": "skipped", "statusDetails": {"message": "XFAIL Wait for fix bug\n\nselenium.common.exceptions.ElementClickInterceptedException: Message: element click intercepted: Element <a href=\"https://testqastudio.me?products_group=sale\" class=\"tab-sale \">...</a> is not clickable at point (900, 748). Other element would receive the click: <div class=\"catalog-toolbar-tabs__content\">...</div>\n  (Session info: chrome=121.0.6167.140)\nStacktrace:\n\tGetHandleVerifier [0x00007FF6EBD75E42+3538674]\n\t(No symbol) [0x00007FF6EB994C02]\n\t(No symbol) [0x00007FF6EB845AEB]\n\t(No symbol) [0x00007FF6EB8933E4]\n\t(No symbol) [0x00007FF6EB891122]\n\t(No symbol) [0x00007FF6EB88E884]\n\t(No symbol) [0x00007FF6EB88D5A9]\n\t(No symbol) [0x00007FF6EB881950]\n\t(No symbol) [0x00007FF6EB8AF0AA]\n\t(No symbol) [0x00007FF6EB88124A]\n\t(No symbol) [0x00007FF6EB8AF2C0]\n\t(No symbol) [0x00007FF6EB8CBDE3]\n\t(No symbol) [0x00007FF6EB8AEE53]\n\t(No symbol) [0x00007FF6EB87F514]\n\t(No symbol) [0x00007FF6EB880631]\n\tGetHandleVerifier [0x00007FF6EBDA6CAD+3738973]\n\tGetHandleVerifier [0x00007FF6EBDFC506+4089270]\n\tGetHandleVerifier [0x00007FF6EBDF4823+4057299]\n\tGetHandleVerifier [0x00007FF6EBAC5C49+720121]\n\t(No symbol) [0x00007FF6EB9A126F]\n\t(No symbol) [0x00007FF6EB99C304]\n\t(No symbol) [0x00007FF6EB99C432]\n\t(No symbol) [0x00007FF6EB98BD04]\n\tBaseThreadInitThunk [0x00007FFAA3217344+20]\n\tRtlUserThreadStart [0x00007FFAA44226B1+33]", "trace": "tests\\selenium.qa.studio-main\\tests\\test_shop.py:48: in test_products_group\n    element.click()\n        browser    = <selenium.webdriver.chrome.webdriver.WebDriver (session=\"c1b03d62b519021c7da6c9acb7a6e1f4\")>\n        element    = <selenium.webdriver.remote.webelement.WebElement (session=\"c1b03d62b519021c7da6c9acb7a6e1f4\", element=\"21B1F0B5E67302AC409FC74CF73CF917_element_240\")>\n        elements   = [<selenium.webdriver.remote.webelement.WebElement (session=\"c1b03d62b519021c7da6c9acb7a6e1f4\", element=\"246BEA7F315AC6...ement.WebElement (session=\"c1b03d62b519021c7da6c9acb7a6e1f4\", element=\"246BEA7F315AC6EFD689912563BD5001_element_129\")>]\n        expected_menu = [('Все', '', \"[class='tab-all active']\"), ('Бестселлеры', '/?products_group=best_sellers', \"[class='tab-best_sellers '... '/?products_group=new', \"[class='tab-new ']\"), ('Распродажа товаров', '/?products_group=sale', \"[class='tab-sale ']\")]\n        item       = ('Распродажа товаров', '/?products_group=sale', \"[class='tab-sale ']\")\n        menu_element = \"[class='catalog-toolbar-tabs__content'] a\"\nenv\\Lib\\site-packages\\selenium\\webdriver\\remote\\webelement.py:94: in click\n    self._execute(Command.CLICK_ELEMENT)\n        self       = <selenium.webdriver.remote.webelement.WebElement (session=\"c1b03d62b519021c7da6c9acb7a6e1f4\", element=\"21B1F0B5E67302AC409FC74CF73CF917_element_240\")>\nenv\\Lib\\site-packages\\selenium\\webdriver\\remote\\webelement.py:395: in _execute\n    return self._parent.execute(command, params)\n        command    = 'clickElement'\n        params     = {'id': '21B1F0B5E67302AC409FC74CF73CF917_element_240'}\n        self       = <selenium.webdriver.remote.webelement.WebElement (session=\"c1b03d62b519021c7da6c9acb7a6e1f4\", element=\"21B1F0B5E67302AC409FC74CF73CF917_element_240\")>\nenv\\Lib\\site-packages\\selenium\\webdriver\\remote\\webdriver.py:347: in execute\n    self.error_handler.check_response(response)\n        driver_command = 'clickElement'\n        params     = {}\n        response   = {'status': 400, 'value': '{\"value\":{\"error\":\"element click intercepted\",\"message\":\"element click intercepted: Element ...07FF6EB98BD04]\\\\n\\\\tBaseThreadInitThunk [0x00007FFAA3217344+20]\\\\n\\\\tRtlUserThreadStart [0x00007FFAA44226B1+33]\\\\n\"}}'}\n        self       = <selenium.webdriver.chrome.webdriver.WebDriver (session=\"c1b03d62b519021c7da6c9acb7a6e1f4\")>\nenv\\Lib\\site-packages\\selenium\\webdriver\\remote\\errorhandler.py:229: in check_response\n    raise exception_class(message, screen, stacktrace)\nE   selenium.common.exceptions.ElementClickInterceptedException: Message: element click intercepted: Element <a href=\"https://testqastudio.me?products_group=sale\" class=\"tab-sale \">...</a> is not clickable at point (900, 748). Other element would receive the click: <div class=\"catalog-toolbar-tabs__content\">...</div>\nE     (Session info: chrome=121.0.6167.140)\nE   Stacktrace:\nE   \tGetHandleVerifier [0x00007FF6EBD75E42+3538674]\nE   \t(No symbol) [0x00007FF6EB994C02]\nE   \t(No symbol) [0x00007FF6EB845AEB]\nE   \t(No symbol) [0x00007FF6EB8933E4]\nE   \t(No symbol) [0x00007FF6EB891122]\nE   \t(No symbol) [0x00007FF6EB88E884]\nE   \t(No symbol) [0x00007FF6EB88D5A9]\nE   \t(No symbol) [0x00007FF6EB881950]\nE   \t(No symbol) [0x00007FF6EB8AF0AA]\nE   \t(No symbol) [0x00007FF6EB88124A]\nE   \t(No symbol) [0x00007FF6EB8AF2C0]\nE   \t(No symbol) [0x00007FF6EB8CBDE3]\nE   \t(No symbol) [0x00007FF6EB8AEE53]\nE   \t(No symbol) [0x00007FF6EB87F514]\nE   \t(No symbol) [0x00007FF6EB880631]\nE   \tGetHandleVerifier [0x00007FF6EBDA6CAD+3738973]\nE   \tGetHandleVerifier [0x00007FF6EBDFC506+4089270]\nE   \tGetHandleVerifier [0x00007FF6EBDF4823+4057299]\nE   \tGetHandleVerifier [0x00007FF6EBAC5C49+720121]\nE   \t(No symbol) [0x00007FF6EB9A126F]\nE   \t(No symbol) [0x00007FF6EB99C304]\nE   \t(No symbol) [0x00007FF6EB99C432]\nE   \t(No symbol) [0x00007FF6EB98BD04]\nE   \tBaseThreadInitThunk [0x00007FFAA3217344+20]\nE   \tRtlUserThreadStart [0x00007FFAA44226B1+33]\n        e          = <selenium.webdriver.remote.errorhandler.ErrorCode object at 0x000001A672AC4440>\n        error_code = 'ELEMENT_CLICK_INTERCEPTED'\n        error_codes = ['ELEMENT_CLICK_INTERCEPTED', 'ELEMENT_IS_NOT_SELECTABLE', 'ELEMENT_NOT_INTERACTABLE', 'ELEMENT_NOT_VISIBLE', 'IME_ENGINE_ACTIVATION_FAILED', 'IME_NOT_AVAILABLE', ...]\n        error_info = [64, 'element click intercepted']\n        exception_class = <class 'selenium.common.exceptions.ElementClickInterceptedException'>\n        json       = <module 'json' from 'C:\\\\Users\\\\Adiga\\\\AppData\\\\Local\\\\Programs\\\\Python\\\\Python312\\\\Lib\\\\json\\\\__init__.py'>\n        message    = 'element click intercepted: Element <a href=\"https://testqastudio.me?products_group=sale\" class=\"tab-sale \">...</a> is...would receive the click: <div class=\"catalog-toolbar-tabs__content\">...</div>\\n  (Session info: chrome=121.0.6167.140)'\n        response   = {'status': 400, 'value': '{\"value\":{\"error\":\"element click intercepted\",\"message\":\"element click intercepted: Element ...07FF6EB98BD04]\\\\n\\\\tBaseThreadInitThunk [0x00007FFAA3217344+20]\\\\n\\\\tRtlUserThreadStart [0x00007FFAA44226B1+33]\\\\n\"}}'}\n        screen     = None\n        self       = <selenium.webdriver.remote.errorhandler.ErrorHandler object at 0x000001A67325B050>\n        st_value   = '\\tGetHandleVerifier [0x00007FF6EBD75E42+3538674]\\n\\t(No symbol) [0x00007FF6EB994C02]\\n\\t(No symbol) [0x00007FF6EB845A...l) [0x00007FF6EB98BD04]\\n\\tBaseThreadInitThunk [0x00007FFAA3217344+20]\\n\\tRtlUserThreadStart [0x00007FFAA44226B1+33]\\n'\n        stacktrace = ['\\tGetHandleVerifier [0x00007FF6EBD75E42+3538674]', '\\t(No symbol) [0x00007FF6EB994C02]', '\\t(No symbol) [0x00007FF6E... '\\t(No symbol) [0x00007FF6EB8933E4]', '\\t(No symbol) [0x00007FF6EB891122]', '\\t(No symbol) [0x00007FF6EB88E884]', ...]\n        status     = 'element click intercepted'\n        value      = {'error': 'element click intercepted', 'message': 'element click intercepted: Element <a href=\"https://testqastudio.me...) [0x00007FF6EB98BD04]\\n\\tBaseThreadInitThunk [0x00007FFAA3217344+20]\\n\\tRtlUserThreadStart [0x00007FFAA44226B1+33]\\n'}\n        value_json = '{\"value\":{\"error\":\"element click intercepted\",\"message\":\"element click intercepted: Element \\\\u003Ca href=\\\\\"https://...007FF6EB98BD04]\\\\n\\\\tBaseThreadInitThunk [0x00007FFAA3217344+20]\\\\n\\\\tRtlUserThreadStart [0x00007FFAA44226B1+33]\\\\n\"}}'"}, "description": "\n    Test case TC-2\n    ", "start": 1707229424155, "stop": 1707229431678, "uuid": "2b5bcc39-b544-4616-ae0d-280c6344f23f", "historyId": "0bc670021539fe463c02c8dba0a06d5e", "testCaseId": "0bc670021539fe463c02c8dba0a06d5e", "fullName": "tests.selenium.qa.studio-main.tests.test_shop#test_products_group", "labels": [{"name": "tag", "value": "@pytest.mark.xfail(reason='Wait for fix bug')"}, {"name": "parentSuite", "value": "tests.selenium.qa.studio-main.tests"}, {"name": "suite", "value": "test_shop"}, {"name": "host", "value": "DESKTOP-5N8UHRU"}, {"name": "thread", "value": "2540-MainThread"}, {"name": "framework", "value": "pytest"}, {"name": "language", "value": "cpython3"}, {"name": "package", "value": "tests.selenium.qa.studio-main.tests.test_shop"}]}